success compile gatsby files - 0.411s

[2K[1A[2K[Gsuccess load gatsby config - 0.007s

[2K[1A[2K[Gsuccess load plugins - 0.130s

[2K[1A[2K[Gsuccess onPreInit - 0.003s

[2K[1A[2K[Gsuccess initialize cache - 0.011s

[2K[1A[2K[Gsuccess copy gatsby files - 0.026s

[2K[1A[2K[Gsuccess Compiling Gatsby Functions - 0.076s

[2K[1A[2K[Gsuccess onPreBootstrap - 0.082s

[2K[1A[2K[Gsuccess createSchemaCustomization - 0.004s

[2K[1A[2K[Gsuccess Clean up stale nodes - 0.013s - 8/0 0.00/s

[2K[1A[2K[Gsuccess Checking for changed pages - 0.000s

[2K[1A[2K[Gsuccess source and transform nodes - 0.083s

[2K[1A[2K[Gsuccess building schema - 0.209s

[2K[1A[2K[Gsuccess createPages - 0.009s

[2K[1A[2K[Gsuccess createPagesStatefully - 0.104s

[2K[1A[2K[Ginfo Total nodes: 43, SitePage nodes: 8 (use --verbose for breakdown)

[2K[1A[2K[Gsuccess Checking for changed pages - 0.000s

[2K[1A[2K[Gsuccess write out redirect data - 0.001s

[2K[1A[2K[Gsuccess onPostBootstrap - 0.001s

[2K[1A[2K[Ginfo bootstrap finished - 1.649s

[2K[1A[2K[Gsuccess onPreExtractQueries - 0.001s

[2K[1A[2K[Gsuccess extract queries from components - 0.814s

[2K[1A[2K[Gsuccess write out requires - 0.010s

[2K[1A[2K[G⠀

[2K[1A[2K[GYou can now view ph-aqui-main in the browser.

[2K[1A[2K[G⠀

[2K[1A[2K[G  Local:            http://localhost:8080/

[2K[1A[2K[G  On Your Network:  http://172.20.10.4:8080/

[2K[1A[2K[G⠀

[2K[1A[2K[GView GraphiQL, an in-browser IDE, to explore your site's data and schema

[2K[1A[2K[G⠀

[2K[1A[2K[G  Local:            http://localhost:8080/___graphql

[2K[1A[2K[G  On Your Network:  http://172.20.10.4:8080/___graphql

[2K[1A[2K[G⠀

[2K[1A[2K[GNote that the development build is not optimized.

[2K[1A[2K[GTo create a production build, use gatsby build

[2K[1A[2K[G⠀

[2K[1A[2K[Gsuccess Building development bundle - 1.665s

[2K[1A[2K[Gsuccess Writing page-data.json and slice-data.json files to public directory -
0.022s - 1/1 45.18/s

